2025-02-25 12:14:12,022 - root - INFO - [deployment-analyse.py:67] - Logging system initialized
2025-02-25 12:14:12,022 - matplotlib.pyplot - DEBUG - [pyplot.py:497] - Loaded backend Agg version v2.2.
2025-02-25 12:14:12,023 - root - INFO - [deployment-analyse.py:75] - Using Agg backend for matplotlib
2025-02-25 12:14:12,023 - matplotlib.pyplot - DEBUG - [pyplot.py:497] - Loaded backend TkAgg version 8.6.
2025-02-25 12:18:04,965 - root - INFO - [deployment-analyse.py:67] - Logging system initialized
2025-02-25 12:18:04,965 - matplotlib.pyplot - DEBUG - [pyplot.py:497] - Loaded backend Agg version v2.2.
2025-02-25 12:18:04,968 - root - INFO - [deployment-analyse.py:75] - Using Agg backend for matplotlib
2025-02-25 12:18:04,968 - matplotlib.pyplot - DEBUG - [pyplot.py:497] - Loaded backend TkAgg version 8.6.
2025-02-25 12:18:12,907 - root - INFO - [deployment-analyse.py:67] - Logging system initialized
2025-02-25 12:18:12,908 - matplotlib.pyplot - DEBUG - [pyplot.py:497] - Loaded backend Agg version v2.2.
2025-02-25 12:18:12,908 - root - INFO - [deployment-analyse.py:75] - Using Agg backend for matplotlib
2025-02-25 12:18:12,908 - matplotlib.pyplot - DEBUG - [pyplot.py:497] - Loaded backend TkAgg version 8.6.
2025-02-25 12:18:50,956 - root - INFO - [deployment-analyse.py:67] - Logging system initialized
2025-02-25 12:18:50,957 - matplotlib.pyplot - DEBUG - [pyplot.py:497] - Loaded backend Agg version v2.2.
2025-02-25 12:18:50,957 - root - INFO - [deployment-analyse.py:75] - Using Agg backend for matplotlib
2025-02-25 12:18:50,957 - matplotlib.pyplot - DEBUG - [pyplot.py:497] - Loaded backend TkAgg version 8.6.
2025-02-25 12:21:36,144 - root - INFO - [deployment-analyse.py:67] - Logging system initialized
2025-02-25 12:21:36,145 - matplotlib.pyplot - DEBUG - [pyplot.py:497] - Loaded backend Agg version v2.2.
2025-02-25 12:21:36,145 - root - INFO - [deployment-analyse.py:75] - Using Agg backend for matplotlib
2025-02-25 12:21:36,145 - matplotlib.pyplot - DEBUG - [pyplot.py:497] - Loaded backend TkAgg version 8.6.
2025-02-25 12:22:42,627 - root - INFO - [deployment-analyse.py:67] - Logging system initialized
2025-02-25 12:22:42,628 - matplotlib.pyplot - DEBUG - [pyplot.py:497] - Loaded backend Agg version v2.2.
2025-02-25 12:22:42,628 - root - INFO - [deployment-analyse.py:75] - Using Agg backend for matplotlib
2025-02-25 12:22:42,628 - matplotlib.pyplot - DEBUG - [pyplot.py:497] - Loaded backend TkAgg version 8.6.
2025-02-25 12:23:21,731 - root - INFO - [deployment-analyse.py:67] - Logging system initialized
2025-02-25 12:23:21,732 - matplotlib.pyplot - DEBUG - [pyplot.py:497] - Loaded backend Agg version v2.2.
2025-02-25 12:23:21,732 - root - INFO - [deployment-analyse.py:75] - Using Agg backend for matplotlib
2025-02-25 12:23:21,732 - matplotlib.pyplot - DEBUG - [pyplot.py:497] - Loaded backend TkAgg version 8.6.
2025-02-25 12:23:26,297 - root - INFO - [deployment-analyse.py:67] - Logging system initialized
2025-02-25 12:23:26,298 - matplotlib.pyplot - DEBUG - [pyplot.py:497] - Loaded backend Agg version v2.2.
2025-02-25 12:23:26,298 - root - INFO - [deployment-analyse.py:75] - Using Agg backend for matplotlib
2025-02-25 12:23:26,298 - matplotlib.pyplot - DEBUG - [pyplot.py:497] - Loaded backend TkAgg version 8.6.
2025-02-25 12:24:42,360 - root - INFO - [deployment-analyse.py:67] - Logging system initialized
2025-02-25 12:24:42,360 - matplotlib.pyplot - DEBUG - [pyplot.py:497] - Loaded backend Agg version v2.2.
2025-02-25 12:24:42,360 - root - INFO - [deployment-analyse.py:75] - Using Agg backend for matplotlib
2025-02-25 12:24:42,361 - matplotlib.pyplot - DEBUG - [pyplot.py:497] - Loaded backend TkAgg version 8.6.
2025-02-25 12:24:42,373 - root - INFO - [deployment-analyse.py:67] - Logging system initialized
2025-02-25 12:24:42,373 - root - INFO - [deployment-analyse.py:67] - Logging system initialized
2025-02-25 12:24:42,374 - matplotlib.pyplot - DEBUG - [pyplot.py:497] - Loaded backend Agg version v2.2.
2025-02-25 12:24:42,374 - matplotlib.pyplot - DEBUG - [pyplot.py:497] - Loaded backend Agg version v2.2.
2025-02-25 12:24:42,374 - root - INFO - [deployment-analyse.py:748] - Using Agg backend for matplotlib
2025-02-25 12:24:42,374 - root - INFO - [deployment-analyse.py:748] - Using Agg backend for matplotlib
2025-02-25 12:24:42,418 - root - INFO - [deployment-analyse.py:648] - Initializing SimpleAnalysisGUI
2025-02-25 12:24:42,418 - root - INFO - [deployment-analyse.py:648] - Initializing SimpleAnalysisGUI
2025-02-25 12:24:42,419 - root - DEBUG - [deployment-analyse.py:103] - DeploymentAnalyzer initialized
2025-02-25 12:24:42,419 - root - DEBUG - [deployment-analyse.py:103] - DeploymentAnalyzer initialized
2025-02-25 12:24:42,419 - root - DEBUG - [deployment-analyse.py:704] - Creating main frames
2025-02-25 12:24:42,419 - root - DEBUG - [deployment-analyse.py:704] - Creating main frames
2025-02-25 12:25:33,547 - root - INFO - [deployment-analyse.py:67] - Logging system initialized
2025-02-25 12:25:33,547 - matplotlib.pyplot - DEBUG - [pyplot.py:497] - Loaded backend Agg version v2.2.
2025-02-25 12:25:33,548 - root - INFO - [deployment-analyse.py:75] - Using Agg backend for matplotlib
2025-02-25 12:25:33,548 - matplotlib.pyplot - DEBUG - [pyplot.py:497] - Loaded backend TkAgg version 8.6.
2025-02-25 12:25:33,561 - root - INFO - [deployment-analyse.py:67] - Logging system initialized
2025-02-25 12:25:33,561 - root - INFO - [deployment-analyse.py:67] - Logging system initialized
2025-02-25 12:25:33,562 - matplotlib.pyplot - DEBUG - [pyplot.py:497] - Loaded backend Agg version v2.2.
2025-02-25 12:25:33,562 - matplotlib.pyplot - DEBUG - [pyplot.py:497] - Loaded backend Agg version v2.2.
2025-02-25 12:25:33,562 - root - INFO - [deployment-analyse.py:748] - Using Agg backend for matplotlib
2025-02-25 12:25:33,562 - root - INFO - [deployment-analyse.py:748] - Using Agg backend for matplotlib
2025-02-25 12:25:33,611 - root - INFO - [deployment-analyse.py:648] - Initializing SimpleAnalysisGUI
2025-02-25 12:25:33,611 - root - INFO - [deployment-analyse.py:648] - Initializing SimpleAnalysisGUI
2025-02-25 12:25:33,612 - root - DEBUG - [deployment-analyse.py:103] - DeploymentAnalyzer initialized
2025-02-25 12:25:33,612 - root - DEBUG - [deployment-analyse.py:103] - DeploymentAnalyzer initialized
2025-02-25 12:25:33,612 - root - DEBUG - [deployment-analyse.py:704] - Creating main frames
2025-02-25 12:25:33,612 - root - DEBUG - [deployment-analyse.py:704] - Creating main frames
2025-02-25 12:28:05,770 - root - INFO - [deployment-analyse.py:67] - Logging system initialized
2025-02-25 12:28:05,770 - matplotlib.pyplot - DEBUG - [pyplot.py:497] - Loaded backend Agg version v2.2.
2025-02-25 12:28:05,771 - root - INFO - [deployment-analyse.py:75] - Using Agg backend for matplotlib
2025-02-25 12:28:05,771 - matplotlib.pyplot - DEBUG - [pyplot.py:497] - Loaded backend TkAgg version 8.6.
2025-02-25 12:28:05,784 - root - INFO - [deployment-analyse.py:67] - Logging system initialized
2025-02-25 12:28:05,784 - root - INFO - [deployment-analyse.py:67] - Logging system initialized
2025-02-25 12:28:05,786 - matplotlib.pyplot - DEBUG - [pyplot.py:497] - Loaded backend Agg version v2.2.
2025-02-25 12:28:05,786 - matplotlib.pyplot - DEBUG - [pyplot.py:497] - Loaded backend Agg version v2.2.
2025-02-25 12:28:05,786 - root - INFO - [deployment-analyse.py:1445] - Using Agg backend for matplotlib
2025-02-25 12:28:05,786 - root - INFO - [deployment-analyse.py:1445] - Using Agg backend for matplotlib
2025-02-25 12:28:05,835 - root - INFO - [deployment-analyse.py:648] - Initializing SimpleAnalysisGUI
2025-02-25 12:28:05,835 - root - INFO - [deployment-analyse.py:648] - Initializing SimpleAnalysisGUI
2025-02-25 12:28:05,836 - root - DEBUG - [deployment-analyse.py:103] - DeploymentAnalyzer initialized
2025-02-25 12:28:05,836 - root - DEBUG - [deployment-analyse.py:103] - DeploymentAnalyzer initialized
2025-02-25 12:28:05,837 - root - DEBUG - [deployment-analyse.py:704] - Creating main frames
2025-02-25 12:28:05,837 - root - DEBUG - [deployment-analyse.py:704] - Creating main frames
2025-02-25 12:28:05,840 - root - DEBUG - [deployment-analyse.py:755] - Creating widgets
2025-02-25 12:28:05,840 - root - DEBUG - [deployment-analyse.py:755] - Creating widgets
2025-02-25 12:28:05,845 - root - DEBUG - [deployment-analyse.py:871] - Setting up layout
2025-02-25 12:28:05,845 - root - DEBUG - [deployment-analyse.py:871] - Setting up layout
2025-02-25 12:28:05,845 - root - DEBUG - [deployment-analyse.py:887] - Updating statistics: {'total_records': 0, 'avg_delay': 0, 'min_delay': 0, 'max_delay': 0}
2025-02-25 12:28:05,845 - root - DEBUG - [deployment-analyse.py:887] - Updating statistics: {'total_records': 0, 'avg_delay': 0, 'min_delay': 0, 'max_delay': 0}
2025-02-25 12:28:05,845 - root - INFO - [deployment-analyse.py:682] - SimpleAnalysisGUI initialization complete
2025-02-25 12:28:05,845 - root - INFO - [deployment-analyse.py:682] - SimpleAnalysisGUI initialization complete
2025-02-25 12:28:13,960 - root - INFO - [deployment-analyse.py:898] - Browse file button clicked
2025-02-25 12:28:13,960 - root - INFO - [deployment-analyse.py:898] - Browse file button clicked
2025-02-25 12:28:36,264 - root - DEBUG - [deployment-analyse.py:936] - Starting file import thread for C:/Users/axels/SynologyDrive/EIGENE_DATEIEN/Axels_Programme/deployment-analysis-1/data/raw/Editorial_Importzeit_mgo_2025-02-12_15_51_41.csv
2025-02-25 12:28:36,264 - root - DEBUG - [deployment-analyse.py:936] - Starting file import thread for C:/Users/axels/SynologyDrive/EIGENE_DATEIEN/Axels_Programme/deployment-analysis-1/data/raw/Editorial_Importzeit_mgo_2025-02-12_15_51_41.csv
2025-02-25 12:28:36,265 - root - INFO - [deployment-analyse.py:959] - Importing file in thread: C:/Users/axels/SynologyDrive/EIGENE_DATEIEN/Axels_Programme/deployment-analysis-1/data/raw/Editorial_Importzeit_mgo_2025-02-12_15_51_41.csv
2025-02-25 12:28:36,265 - root - INFO - [deployment-analyse.py:959] - Importing file in thread: C:/Users/axels/SynologyDrive/EIGENE_DATEIEN/Axels_Programme/deployment-analysis-1/data/raw/Editorial_Importzeit_mgo_2025-02-12_15_51_41.csv
2025-02-25 12:28:36,266 - root - INFO - [deployment-analyse.py:115] - Importing file: C:/Users/axels/SynologyDrive/EIGENE_DATEIEN/Axels_Programme/deployment-analysis-1/data/raw/Editorial_Importzeit_mgo_2025-02-12_15_51_41.csv
2025-02-25 12:28:36,266 - root - INFO - [deployment-analyse.py:115] - Importing file: C:/Users/axels/SynologyDrive/EIGENE_DATEIEN/Axels_Programme/deployment-analysis-1/data/raw/Editorial_Importzeit_mgo_2025-02-12_15_51_41.csv
2025-02-25 12:28:36,267 - root - DEBUG - [deployment-analyse.py:130] - Trying delimiter ';' for C:/Users/axels/SynologyDrive/EIGENE_DATEIEN/Axels_Programme/deployment-analysis-1/data/raw/Editorial_Importzeit_mgo_2025-02-12_15_51_41.csv
2025-02-25 12:28:36,267 - root - DEBUG - [deployment-analyse.py:130] - Trying delimiter ';' for C:/Users/axels/SynologyDrive/EIGENE_DATEIEN/Axels_Programme/deployment-analysis-1/data/raw/Editorial_Importzeit_mgo_2025-02-12_15_51_41.csv
2025-02-25 12:28:36,766 - root - DEBUG - [deployment-analyse.py:133] - Successfully used delimiter ';' for C:/Users/axels/SynologyDrive/EIGENE_DATEIEN/Axels_Programme/deployment-analysis-1/data/raw/Editorial_Importzeit_mgo_2025-02-12_15_51_41.csv
2025-02-25 12:28:36,766 - root - DEBUG - [deployment-analyse.py:133] - Successfully used delimiter ';' for C:/Users/axels/SynologyDrive/EIGENE_DATEIEN/Axels_Programme/deployment-analysis-1/data/raw/Editorial_Importzeit_mgo_2025-02-12_15_51_41.csv
2025-02-25 12:28:36,766 - root - INFO - [deployment-analyse.py:142] - Successfully imported 401014 rows from C:/Users/axels/SynologyDrive/EIGENE_DATEIEN/Axels_Programme/deployment-analysis-1/data/raw/Editorial_Importzeit_mgo_2025-02-12_15_51_41.csv
2025-02-25 12:28:36,766 - root - INFO - [deployment-analyse.py:142] - Successfully imported 401014 rows from C:/Users/axels/SynologyDrive/EIGENE_DATEIEN/Axels_Programme/deployment-analysis-1/data/raw/Editorial_Importzeit_mgo_2025-02-12_15_51_41.csv
2025-02-25 12:28:36,767 - root - INFO - [deployment-analyse.py:213] - Processing data
2025-02-25 12:28:36,767 - root - INFO - [deployment-analyse.py:213] - Processing data
2025-02-25 12:28:36,767 - root - DEBUG - [deployment-analyse.py:219] - Initial data shape: (401014, 5)
2025-02-25 12:28:36,767 - root - DEBUG - [deployment-analyse.py:219] - Initial data shape: (401014, 5)
2025-02-25 12:28:36,778 - root - ERROR - [deployment-analyse.py:237] - Required column 'Bildankunft' not found in data
2025-02-25 12:28:36,778 - root - ERROR - [deployment-analyse.py:237] - Required column 'Bildankunft' not found in data
2025-02-25 12:28:44,491 - root - INFO - [deployment-analyse.py:686] - Application closing
2025-02-25 12:28:44,491 - root - INFO - [deployment-analyse.py:686] - Application closing
2025-02-25 12:28:44,509 - root - INFO - [deployment-analyse.py:700] - Application closed
2025-02-25 12:28:44,509 - root - INFO - [deployment-analyse.py:700] - Application closed
